Determining if the pthread_create exist failed with the following output:
Change Dir: /home/spacesoc/rover/catkin_ws/build_isolated/apriltag_ros/CMakeFiles/CMakeTmp

Run Build Command:"/usr/bin/make" "cmTC_e8094/fast"
/usr/bin/make -f CMakeFiles/cmTC_e8094.dir/build.make CMakeFiles/cmTC_e8094.dir/build
make[1]: Entering directory '/home/spacesoc/rover/catkin_ws/build_isolated/apriltag_ros/CMakeFiles/CMakeTmp'
Building C object CMakeFiles/cmTC_e8094.dir/CheckSymbolExists.c.o
/usr/bin/cc    -o CMakeFiles/cmTC_e8094.dir/CheckSymbolExists.c.o   -c /home/spacesoc/rover/catkin_ws/build_isolated/apriltag_ros/CMakeFiles/CMakeTmp/CheckSymbolExists.c
Linking C executable cmTC_e8094
/usr/bin/cmake -E cmake_link_script CMakeFiles/cmTC_e8094.dir/link.txt --verbose=1
/usr/bin/cc      -rdynamic CMakeFiles/cmTC_e8094.dir/CheckSymbolExists.c.o  -o cmTC_e8094 
CMakeFiles/cmTC_e8094.dir/CheckSymbolExists.c.o: In function `main':
CheckSymbolExists.c:(.text+0x1b): undefined reference to `pthread_create'
collect2: error: ld returned 1 exit status
CMakeFiles/cmTC_e8094.dir/build.make:97: recipe for target 'cmTC_e8094' failed
make[1]: *** [cmTC_e8094] Error 1
make[1]: Leaving directory '/home/spacesoc/rover/catkin_ws/build_isolated/apriltag_ros/CMakeFiles/CMakeTmp'
Makefile:126: recipe for target 'cmTC_e8094/fast' failed
make: *** [cmTC_e8094/fast] Error 2

File /home/spacesoc/rover/catkin_ws/build_isolated/apriltag_ros/CMakeFiles/CMakeTmp/CheckSymbolExists.c:
/* */
#include <pthread.h>

int main(int argc, char** argv)
{
  (void)argv;
#ifndef pthread_create
  return ((int*)(&pthread_create))[argc];
#else
  (void)argc;
  return 0;
#endif
}

Determining if the function pthread_create exists in the pthreads failed with the following output:
Change Dir: /home/spacesoc/rover/catkin_ws/build_isolated/apriltag_ros/CMakeFiles/CMakeTmp

Run Build Command:"/usr/bin/make" "cmTC_87acd/fast"
/usr/bin/make -f CMakeFiles/cmTC_87acd.dir/build.make CMakeFiles/cmTC_87acd.dir/build
make[1]: Entering directory '/home/spacesoc/rover/catkin_ws/build_isolated/apriltag_ros/CMakeFiles/CMakeTmp'
Building C object CMakeFiles/cmTC_87acd.dir/CheckFunctionExists.c.o
/usr/bin/cc   -DCHECK_FUNCTION_EXISTS=pthread_create   -o CMakeFiles/cmTC_87acd.dir/CheckFunctionExists.c.o   -c /usr/share/cmake-3.10/Modules/CheckFunctionExists.c
Linking C executable cmTC_87acd
/usr/bin/cmake -E cmake_link_script CMakeFiles/cmTC_87acd.dir/link.txt --verbose=1
/usr/bin/cc  -DCHECK_FUNCTION_EXISTS=pthread_create    -rdynamic CMakeFiles/cmTC_87acd.dir/CheckFunctionExists.c.o  -o cmTC_87acd -lpthreads 
/usr/bin/ld: cannot find -lpthreads
collect2: error: ld returned 1 exit status
CMakeFiles/cmTC_87acd.dir/build.make:97: recipe for target 'cmTC_87acd' failed
make[1]: *** [cmTC_87acd] Error 1
make[1]: Leaving directory '/home/spacesoc/rover/catkin_ws/build_isolated/apriltag_ros/CMakeFiles/CMakeTmp'
Makefile:126: recipe for target 'cmTC_87acd/fast' failed
make: *** [cmTC_87acd/fast] Error 2


